<?xml version="1.0" encoding="utf-8"?><testsuites name="pytest tests"><testsuite name="pytest" errors="0" failures="0" skipped="0" tests="20" time="8.479" timestamp="2026-05-19T16:33:58.172071+00:00" hostname="agent-env-e7992352-02de-49eb-a0e2-ec8b83cb7b22"><testcase classname="tests.test_quest_hero.TestStories" name="test_get_stories_returns_six_builtin" time="0.187" /><testcase classname="tests.test_quest_hero.TestStories" name="test_each_story_required_fields" time="0.154" /><testcase classname="tests.test_quest_hero.TestCustomStory" name="test_create_custom_story_3acts_finale" time="0.147" /><testcase classname="tests.test_quest_hero.TestCustomStory" name="test_custom_story_villains_less_than_acts_400" time="0.139" /><testcase classname="tests.test_quest_hero.TestCustomStory" name="test_delete_custom_story" time="0.297" /><testcase classname="tests.test_quest_hero.TestStreak" name="test_get_default_streak" time="0.138" /><testcase classname="tests.test_quest_hero.TestRecurringTasks" name="test_create_daily_task" time="0.156" /><testcase classname="tests.test_quest_hero.TestRecurringTasks" name="test_daily_creates_next_plus_one_day" time="0.281" /><testcase classname="tests.test_quest_hero.TestRecurringTasks" name="test_weekly_creates_next_plus_seven" time="0.271" /><testcase classname="tests.test_quest_hero.TestRecurringTasks" name="test_monthly_creates_next_plus_thirty" time="0.324" /><testcase classname="tests.test_quest_hero.TestRecurringTasks" name="test_once_does_not_create_next" time="0.282" /><testcase classname="tests.test_quest_hero.TestStreakBehavior" name="test_first_completion_sets_streak_one" time="0.408" /><testcase classname="tests.test_quest_hero.TestStreakBehavior" name="test_multiple_tasks_same_day_no_double_count" time="1.035" /><testcase classname="tests.test_quest_hero.TestTaskRange" name="test_get_tasks_in_range" time="0.271" /><testcase classname="tests.test_quest_hero.TestStoryAbandon" name="test_abandon_active_story" time="0.439" /><testcase classname="tests.test_quest_hero.TestStoryAbandon" name="test_abandon_when_no_active_returns_404" time="0.146" /><testcase classname="tests.test_quest_hero.TestVillainImage" name="test_get_image_returns_null_when_uncached" time="0.132" /><testcase classname="tests.test_quest_hero.TestVillainImage" name="test_get_image_returns_cached" time="0.133" /><testcase classname="tests.test_quest_hero.TestVillainImage" name="test_generate_image_endpoint_registered" time="0.128" /><testcase classname="tests.test_quest_hero.TestWildWestRegression" name="test_full_wild_west_playthrough" time="3.239" /></testsuite></testsuites>